12:56:37.075 [main] INFO  org.testng.annotations.Test - ****** Starting TC_037 EMI Calculator Loan Tenure Month Button ******
12:56:37.561 [main] INFO  org.testng.annotations.Test - Clicking on EMI Calculator Loan Tenure Month Button 
12:56:41.056 [main] INFO  org.testng.annotations.Test - ****** finished TC_037 EMI Calculator Loan Tenure Month Button ******
12:56:41.419 [main] INFO  org.testng.annotations.Test - ****** Starting TC_038 EMI Calculator Loan Charges Input Field ******
12:56:41.480 [main] INFO  org.testng.annotations.Test - ****** finished TC_038 EMI Calculator Loan Charges Input Field  ******
12:56:41.951 [main] INFO  org.testng.annotations.Test - ****** Starting TC_039 EMI Calculator Loan Charges Input Field ******
12:56:42.930 [main] INFO  org.testng.annotations.Test - ****** finished TC_039 EMI Calculator Loan Charges Input Field  ******
12:56:43.331 [main] INFO  org.testng.annotations.Test - ****** Starting TC_040 Loan Amount Calculator Link ******
12:56:43.858 [main] INFO  org.testng.annotations.Test - ****** finished TC_040 Loan Amount Calculator Link  ******
12:56:44.312 [main] INFO  org.testng.annotations.Test - ****** Starting TC_041 Loan Amount EMI Input Field ******
12:56:44.429 [main] INFO  org.testng.annotations.Test - ****** finished TC_041 Loan Amount EMI Input Field ******
12:56:44.936 [main] INFO  org.testng.annotations.Test - ****** Starting TC_042 Loan Amount EMI Input Field ******
12:56:46.097 [main] INFO  org.testng.annotations.Test - ****** finished TC_042 Loan Amount EMI Input Field ******
12:56:46.439 [main] INFO  org.testng.annotations.Test - ****** Starting TC_043 Loan Amount Interest Rate Input Field ******
12:56:46.494 [main] INFO  org.testng.annotations.Test - ****** finished TC_043 Loan Amount Interest Rate Input Field ******
12:56:47.081 [main] INFO  org.testng.annotations.Test - ****** Starting TC_044 Loan Amount Interest Rate Input Field ******
12:56:48.407 [main] INFO  org.testng.annotations.Test - ****** finished TC_044 Loan Amount Interest Rate Input Field ******
12:56:48.782 [main] INFO  org.testng.annotations.Test - ****** Starting TC_045 Loan Amount Tenure Input Field ******
12:56:48.877 [main] INFO  org.testng.annotations.Test - ****** finished TC_045 Loan Amount Tenure Input Field ******
12:56:49.396 [main] INFO  org.testng.annotations.Test - ****** Starting TC_046 Loan Amount Tenure Input Field ******
12:56:50.287 [main] INFO  org.testng.annotations.Test - ****** finished TC_046 Loan Amount Tenure Input Field ******
12:56:50.591 [main] INFO  org.testng.annotations.Test - ****** Starting TC_047 Loan Amount Tenure Month Button ******
12:56:54.298 [main] INFO  org.testng.annotations.Test - ****** finished TC_047 Loan Amount Tenure Month Button ******
12:56:54.698 [main] INFO  org.testng.annotations.Test - ****** Starting TC_048 Loan Amount Loan Charges Input Field ******
12:56:54.760 [main] INFO  org.testng.annotations.Test - ****** finished TC_048 Loan Amount Loan Charges Input Field ******
12:56:55.444 [main] INFO  org.testng.annotations.Test - ****** Starting TC_049 Loan Amount Loan Charges Input Field ******
12:56:56.698 [main] INFO  org.testng.annotations.Test - ****** finished TC_049 Loan Amount Loan Charges Input Field ******
12:56:57.138 [main] INFO  org.testng.annotations.Test - ****** Starting TC_050 Loan Tenure Calculator Link ******
12:56:57.592 [main] INFO  org.testng.annotations.Test - ****** finished TC_048 Loan Tenure Calculator Link ******
12:56:57.940 [main] INFO  org.testng.annotations.Test - ****** Starting TC_051 Loan Tenure Loan Amount Input Field ******
12:56:58.017 [main] INFO  org.testng.annotations.Test - ****** finished TC_051 Loan Tenure Loan Amount Input Field ******
12:56:58.534 [main] INFO  org.testng.annotations.Test - ****** Starting TC_052 Loan Tenure Loan Amount Input Field ******
12:56:59.656 [main] INFO  org.testng.annotations.Test - ****** finished TC_052 Loan Tenure Loan Amount Input Field ******
12:57:00.028 [main] INFO  org.testng.annotations.Test - ****** Starting TC_053 Loan Tenure EMI Input Field ******
12:57:00.182 [main] INFO  org.testng.annotations.Test - ****** finished TC_053 Loan Tenure EMI Input Field ******
12:57:00.654 [main] INFO  org.testng.annotations.Test - ****** Starting TC_054 Loan Tenure Interest Rate Input Field ******
12:57:00.705 [main] INFO  org.testng.annotations.Test - ****** finished TC_054 Loan Tenure Interest Rate Input Field ******
12:57:01.288 [main] INFO  org.testng.annotations.Test - ****** Starting TC_055 Loan Tenure Interest Rate Input Field ******
12:57:02.415 [main] INFO  org.testng.annotations.Test - ****** finished TC_055 Loan Tenure Interest Rate Input Field ******
12:57:02.739 [main] INFO  org.testng.annotations.Test - ****** Starting TC_056 Loan Tenure Loan Charges Input Field ******
12:57:02.827 [main] INFO  org.testng.annotations.Test - ****** finished TC_056 Loan Tenure Loan Charges Input Field ******
12:57:03.364 [main] INFO  org.testng.annotations.Test - ****** Starting TC_57 Loan Tenure Loan Charges Input Field ******
